Exporter version: 2.80.0, Blender version: 2.91.0
========= Conversion from Blender to Babylon.js =========
	Scene settings used :
		Inline textures     :  false
		Material Type       :  PBR
		Positions Precision :  4
		Normals Precision   :  3
		UVs Precision       :  3
		Vert Color Precision:  3
		Mat Weight Precision:  2
		Keep Z-up r-handed  :  no
		Texture directory   :  C:\Courses\RSCLONE\rsclone\src\scenes\
	Python World class constructor completed
	WARNING: No active camera has been assigned, or is not in a currently selected Blender layer
	processing begun of mesh:  tree
		WARNING: No materials have been assigned: 
		num positions      :  22597
		num normals        :  22597
		num tangents       :  0
		num uvs            :  45194
		num uvs2           :  0
		num colors         :  0
		num triangles      :  29232
	processing begun of mesh:  Plane
		processing begun of material:  ground
		num positions      :  10404
		num normals        :  10404
		num tangents       :  0
		num uvs            :  20808
		num uvs2           :  0
		num colors         :  0
		num triangles      :  20402
	processing begun of mesh:  Plane.001
		processing begun of material:  blue
		num positions      :  2704
		num normals        :  2704
		num tangents       :  0
		num uvs            :  5408
		num uvs2           :  0
		num colors         :  0
		num triangles      :  5202
	processing begun of mesh:  Plane.002
		processing begun of material:  grave
		num positions      :  2704
		num normals        :  2704
		num tangents       :  0
		num uvs            :  5408
		num uvs2           :  0
		num colors         :  0
		num triangles      :  5202
	processing begun of mesh:  Icosphere
		processing begun of material:  Material.001
		num positions      :  240
		num normals        :  240
		num tangents       :  0
		num uvs            :  480
		num uvs2           :  0
		num colors         :  0
		num triangles      :  80
	processing begun of mesh:  Cube
		processing begun of material:  Material.002
		num positions      :  91
		num normals        :  91
		num tangents       :  0
		num uvs            :  182
		num uvs2           :  0
		num colors         :  0
		num triangles      :  36
	processing begun of mesh:  Cube.001
		WARNING: No materials have been assigned: 
		num positions      :  29
		num normals        :  29
		num tangents       :  0
		num uvs            :  58
		num uvs2           :  0
		num colors         :  0
		num triangles      :  12
	processing begun of mesh:  Plane.003
		processing begun of material:  Material.003
		num positions      :  31
		num normals        :  31
		num tangents       :  0
		num uvs            :  62
		num uvs2           :  0
		num colors         :  0
		num triangles      :  12
	processing begun of mesh:  Cube.002
		WARNING: No materials have been assigned: 
		num positions      :  29
		num normals        :  29
		num tangents       :  0
		num uvs            :  58
		num uvs2           :  0
		num colors         :  0
		num triangles      :  12
	processing begun of mesh:  Cylinder
		processing begun of material:  Material.001
		registered as also a user of material:  Material.001
		num positions      :  309
		num normals        :  309
		num tangents       :  0
		num uvs            :  618
		num uvs2           :  0
		num colors         :  0
		num triangles      :  124
	processing begun of light (DIRECTIONAL):  Sun
	processing begun of light (POINT):  Point
	processing begun of light (POINT):  Point.001
========= Writing of JSON file started =========
	writing mesh:  tree
	writing mesh:  Plane
	writing mesh:  Plane.001
	writing mesh:  Plane.002
	writing mesh:  Icosphere
	writing mesh:  Cube
	writing mesh:  Cube.001
	writing mesh:  Plane.003
	writing mesh:  Cube.002
	writing mesh:  Cylinder
========= Writing of JSON file completed =========
========= end of processing =========
elapsed time:  0 min, 7.0933 secs
